[INFO ] 2022-12-05 10:23:43.019 [TestNG-PoolService-0] RIN001 - Opened Browser
[INFO ] 2022-12-05 10:23:54.528 [TestNG-PoolService-1] RIN001 - ****************************** Login to the application  *****************************************
[INFO ] 2022-12-05 10:23:55.286 [TestNG-PoolService-1] RIN001 - *** Enter Username ***
[INFO ] 2022-12-05 10:23:56.046 [TestNG-PoolService-1] RIN001 - *** Enter Password ***
[INFO ] 2022-12-05 10:24:00.860 [TestNG-PoolService-1] RIN001 - *** Click Login ***
[INFO ] 2022-12-05 10:24:34.908 [TestNG-PoolService-0] RIN001 - ****************************** Login to the application  *****************************************
[INFO ] 2022-12-05 10:24:35.848 [TestNG-PoolService-0] RIN001 - *** Enter Username ***
[INFO ] 2022-12-05 10:24:36.627 [TestNG-PoolService-0] RIN001 - *** Enter Password ***
[INFO ] 2022-12-05 10:24:41.009 [TestNG-PoolService-0] RIN001 - *** Click Login ***
[INFO ] 2022-12-05 10:25:06.089 [TestNG-PoolService-1] RIN001 - *** Click IRP ***
[INFO ] 2022-12-05 10:25:08.749 [TestNG-PoolService-1] RIN001 - *** Click RenewFleet ***
[INFO ] 2022-12-05 10:25:10.439 [TestNG-PoolService-1] RIN001 - *** Enter Account Number ***
[INFO ] 2022-12-05 10:25:11.182 [TestNG-PoolService-1] RIN001 - *** Enter FleetNo ***
[INFO ] 2022-12-05 10:25:11.954 [TestNG-PoolService-1] RIN001 - *** Click FleetYear ***
[INFO ] 2022-12-05 10:25:16.672 [TestNG-PoolService-1] RIN001 - IRPSUPP13 : [E] You cannot do this supplement because next year's renewal/reinstatement has started.
[INFO ] 2022-12-05 10:25:22.470 [TestNG-PoolService-0] RIN001 - *** Click IRP ***
[INFO ] 2022-12-05 10:25:23.200 [TestNG-PoolService-0] RIN001 - *** Click Fleet More ***
[INFO ] 2022-12-05 10:25:29.483 [TestNG-PoolService-0] RIN001 - *** Click Fleet Reinstatement ***
[INFO ] 2022-12-05 10:25:30.497 [TestNG-PoolService-0] RIN001 - *** Enter Account Number ***
[ERROR] 2022-12-05 10:25:30.802 [TestNG-PoolService-0] RIN001 - Error in ReadExcelUtiljava.lang.NullPointerException: Cannot invoke "java.lang.Integer.intValue()" because the return value of "java.util.Map.get(Object)" is null
