[INFO ] 2022-12-04 19:17:20.537 [TestNG-PoolService-1] RWC001 - Opened Browser
[INFO ] 2022-12-04 19:18:55.517 [TestNG-PoolService-0] RWC001 - ****************************** Login to the application  *****************************************
[INFO ] 2022-12-04 19:18:56.215 [TestNG-PoolService-0] RWC001 - *** Enter Username ***
[INFO ] 2022-12-04 19:18:56.746 [TestNG-PoolService-0] RWC001 - *** Enter Password ***
[INFO ] 2022-12-04 19:19:02.635 [TestNG-PoolService-0] RWC001 - *** Click Login ***
[INFO ] 2022-12-04 19:19:11.598 [TestNG-PoolService-1] RWC001 - ****************************** Login to the application  *****************************************
[INFO ] 2022-12-04 19:19:12.128 [TestNG-PoolService-1] RWC001 - *** Enter Username ***
[INFO ] 2022-12-04 19:19:12.506 [TestNG-PoolService-1] RWC001 - *** Enter Password ***
[INFO ] 2022-12-04 19:19:15.763 [TestNG-PoolService-1] RWC001 - *** Click Login ***
[INFO ] 2022-12-04 19:21:16.166 [TestNG-PoolService-0] RWC001 - *** Click IRP ***
[INFO ] 2022-12-04 19:21:16.762 [TestNG-PoolService-0] RWC001 - *** Click Fleet More ***
[INFO ] 2022-12-04 19:21:22.022 [TestNG-PoolService-0] RWC001 - *** Click Fleet Reinstatement ***
[INFO ] 2022-12-04 19:21:23.793 [TestNG-PoolService-0] RWC001 - *** Enter Account Number ***
[ERROR] 2022-12-04 19:21:24.048 [TestNG-PoolService-0] RIN001 - Error in ReadExcelUtiljava.lang.NullPointerException: Cannot invoke "java.lang.Integer.intValue()" because the return value of "java.util.Map.get(Object)" is null
[INFO ] 2022-12-04 19:21:31.509 [TestNG-PoolService-1] RWC001 - *** Click IRP ***
[INFO ] 2022-12-04 19:21:33.761 [TestNG-PoolService-1] RWC001 - *** Click RenewFleet ***
[INFO ] 2022-12-04 19:21:34.728 [TestNG-PoolService-1] RWC001 - *** Enter Account Number ***
[INFO ] 2022-12-04 19:21:35.116 [TestNG-PoolService-1] RWC001 - *** Enter FleetNo ***
[INFO ] 2022-12-04 19:21:35.532 [TestNG-PoolService-1] RWC001 - *** Click FleetYear ***
[INFO ] 2022-12-04 19:21:40.561 [TestNG-PoolService-1] RWC001 - IRPSUPP13 : [E] You cannot do this supplement because next year's renewal/reinstatement has started.
