[INFO ] 2022-12-03 19:01:41.397 [TestNG-PoolService-1] RWC001 - Opened Browser
[INFO ] 2022-12-03 19:02:04.493 [TestNG-PoolService-0] RWC001 - ****************************** Login to the application  *****************************************
[INFO ] 2022-12-03 19:02:05.639 [TestNG-PoolService-0] RWC001 - *** Enter Username ***
[INFO ] 2022-12-03 19:02:06.815 [TestNG-PoolService-0] RWC001 - *** Enter Password ***
[INFO ] 2022-12-03 19:02:09.329 [TestNG-PoolService-1] RWC001 - ****************************** Login to the application  *****************************************
[INFO ] 2022-12-03 19:02:10.969 [TestNG-PoolService-1] RWC001 - *** Enter Username ***
[INFO ] 2022-12-03 19:02:11.919 [TestNG-PoolService-1] RWC001 - *** Enter Password ***
[INFO ] 2022-12-03 19:02:16.742 [TestNG-PoolService-0] RWC001 - *** Click Login ***
[INFO ] 2022-12-03 19:02:19.433 [TestNG-PoolService-1] RWC001 - *** Click Login ***
[INFO ] 2022-12-03 19:02:26.139 [TestNG-PoolService-0] RWC001 - *** Click IRP ***
[INFO ] 2022-12-03 19:02:27.568 [TestNG-PoolService-0] RWC001 - *** Click Fleet More ***
[INFO ] 2022-12-03 19:02:33.409 [TestNG-PoolService-0] RWC001 - *** Click Fleet Reinstatement ***
[INFO ] 2022-12-03 19:02:33.930 [TestNG-PoolService-1] RWC001 - *** Click IRP ***
[INFO ] 2022-12-03 19:02:35.128 [TestNG-PoolService-0] RWC001 - *** Enter Account Number ***
[ERROR] 2022-12-03 19:02:35.553 [TestNG-PoolService-0] RIN001 - Error in ReadExcelUtiljava.lang.NullPointerException: Cannot invoke "java.lang.Integer.intValue()" because the return value of "java.util.Map.get(Object)" is null
[INFO ] 2022-12-03 19:02:36.836 [TestNG-PoolService-1] RWC001 - *** Click RenewFleet ***
[INFO ] 2022-12-03 19:02:38.463 [TestNG-PoolService-1] RWC001 - *** Enter Account Number ***
[INFO ] 2022-12-03 19:02:39.333 [TestNG-PoolService-1] RWC001 - *** Enter FleetNo ***
[INFO ] 2022-12-03 19:02:40.076 [TestNG-PoolService-1] RWC001 - *** Click FleetYear ***
[INFO ] 2022-12-03 19:02:46.910 [TestNG-PoolService-1] RWC001 - IRPSUPP13 : [E] You cannot do this supplement because next year's renewal/reinstatement has started.
