[INFO ] 2022-12-03 18:54:01.582 [TestNG-PoolService-1] RWC001 - Opened Browser
[INFO ] 2022-12-03 18:54:15.242 [TestNG-PoolService-1] RWC001 - ****************************** Login to the application  *****************************************
[INFO ] 2022-12-03 18:54:16.108 [TestNG-PoolService-1] RWC001 - *** Enter Username ***
[INFO ] 2022-12-03 18:54:16.727 [TestNG-PoolService-1] RWC001 - *** Enter Password ***
[INFO ] 2022-12-03 18:54:21.837 [TestNG-PoolService-1] RWC001 - *** Click Login ***
[INFO ] 2022-12-03 18:54:35.724 [TestNG-PoolService-1] RWC001 - *** Click IRP ***
[INFO ] 2022-12-03 18:54:40.215 [TestNG-PoolService-1] RWC001 - *** Click RenewFleet ***
[INFO ] 2022-12-03 18:54:41.625 [TestNG-PoolService-1] RWC001 - *** Enter Account Number ***
[INFO ] 2022-12-03 18:54:42.210 [TestNG-PoolService-1] RWC001 - *** Enter FleetNo ***
[INFO ] 2022-12-03 18:54:42.864 [TestNG-PoolService-1] RWC001 - *** Click FleetYear ***
[INFO ] 2022-12-03 18:54:48.958 [TestNG-PoolService-0] RIN001 - Opened Browser
[INFO ] 2022-12-03 18:54:50.095 [TestNG-PoolService-1] RIN001 - IRPSUPP13 : [E] You cannot do this supplement because next year's renewal/reinstatement has started.
[INFO ] 2022-12-03 18:55:21.888 [TestNG-PoolService-0] RIN001 - ****************************** Login to the application  *****************************************
[INFO ] 2022-12-03 18:55:22.817 [TestNG-PoolService-0] RIN001 - *** Enter Username ***
[INFO ] 2022-12-03 18:55:23.504 [TestNG-PoolService-0] RIN001 - *** Enter Password ***
[INFO ] 2022-12-03 18:55:27.257 [TestNG-PoolService-0] RIN001 - *** Click Login ***
[INFO ] 2022-12-03 18:56:45.466 [TestNG-PoolService-0] RIN001 - *** Click IRP ***
[INFO ] 2022-12-03 18:56:46.101 [TestNG-PoolService-0] RIN001 - *** Click Fleet More ***
[INFO ] 2022-12-03 18:56:53.247 [TestNG-PoolService-0] RIN001 - *** Click Fleet Reinstatement ***
[INFO ] 2022-12-03 18:56:54.377 [TestNG-PoolService-0] RIN001 - *** Enter Account Number ***
[ERROR] 2022-12-03 18:56:54.722 [TestNG-PoolService-0] RIN001 - Error in ReadExcelUtiljava.lang.NullPointerException: Cannot invoke "java.lang.Integer.intValue()" because the return value of "java.util.Map.get(Object)" is null
